[0823/155210.471:ERROR:crash_report_database_win.cc(469)] failed to stat report
[0823/155210.474:ERROR:crash_report_database_win.cc(469)] failed to stat report
[0823/155210.474:ERROR:crash_report_database_win.cc(469)] failed to stat report
[0823/155210.475:ERROR:crash_report_database_win.cc(469)] failed to stat report
[0823/155210.475:ERROR:crash_report_database_win.cc(469)] failed to stat report
[0823/155210.475:ERROR:crash_report_database_win.cc(469)] failed to stat report
[0823/155210.475:ERROR:crash_report_database_win.cc(469)] failed to stat report
[0823/155210.476:ERROR:crash_report_database_win.cc(469)] failed to stat report
[0823/155210.476:ERROR:crash_report_database_win.cc(469)] failed to stat report
[0823/155210.476:ERROR:crash_report_database_win.cc(469)] failed to stat report
[0823/155210.477:ERROR:crash_report_database_win.cc(469)] failed to stat report
[0823/155210.477:ERROR:crash_report_database_win.cc(469)] failed to stat report
[0823/155210.477:ERROR:crash_report_database_win.cc(469)] failed to stat report
[0823/155210.477:ERROR:crash_report_database_win.cc(469)] failed to stat report
[0823/155210.477:ERROR:crash_report_database_win.cc(469)] failed to stat report
[0823/155210.477:ERROR:crash_report_database_win.cc(469)] failed to stat report
[0823/155804.529:ERROR:crash_report_database_win.cc(469)] failed to stat report
[0823/155804.531:ERROR:crash_report_database_win.cc(469)] failed to stat report
[0823/155804.531:ERROR:crash_report_database_win.cc(469)] failed to stat report
[0823/155804.531:ERROR:crash_report_database_win.cc(469)] failed to stat report
[0823/155804.531:ERROR:crash_report_database_win.cc(469)] failed to stat report
[0823/155804.532:ERROR:crash_report_database_win.cc(469)] failed to stat report
[0823/155804.532:ERROR:crash_report_database_win.cc(469)] failed to stat report
[0823/155804.532:ERROR:crash_report_database_win.cc(469)] failed to stat report
[0823/155804.532:ERROR:crash_report_database_win.cc(469)] failed to stat report
[0823/155804.532:ERROR:crash_report_database_win.cc(469)] failed to stat report
[0823/155804.532:ERROR:crash_report_database_win.cc(469)] failed to stat report
[0823/155804.532:ERROR:crash_report_database_win.cc(469)] failed to stat report
[0823/155804.533:ERROR:crash_report_database_win.cc(469)] failed to stat report
[0823/155804.533:ERROR:crash_report_database_win.cc(469)] failed to stat report
[0823/155804.533:ERROR:crash_report_database_win.cc(469)] failed to stat report
[0823/155804.533:ERROR:crash_report_database_win.cc(469)] failed to stat report
[0823/162109.135:ERROR:crash_report_database_win.cc(469)] failed to stat report
[0823/162109.139:ERROR:crash_report_database_win.cc(469)] failed to stat report
[0823/162109.139:ERROR:crash_report_database_win.cc(469)] failed to stat report
[0823/162109.139:ERROR:crash_report_database_win.cc(469)] failed to stat report
[0823/162109.139:ERROR:crash_report_database_win.cc(469)] failed to stat report
[0823/162109.139:ERROR:crash_report_database_win.cc(469)] failed to stat report
[0823/162109.140:ERROR:crash_report_database_win.cc(469)] failed to stat report
[0823/162109.140:ERROR:crash_report_database_win.cc(469)] failed to stat report
[0823/162109.140:ERROR:crash_report_database_win.cc(469)] failed to stat report
[0823/162109.140:ERROR:crash_report_database_win.cc(469)] failed to stat report
[0823/162109.140:ERROR:crash_report_database_win.cc(469)] failed to stat report
[0823/162109.140:ERROR:crash_report_database_win.cc(469)] failed to stat report
[0823/162109.141:ERROR:crash_report_database_win.cc(469)] failed to stat report
[0823/162109.141:ERROR:crash_report_database_win.cc(469)] failed to stat report
[0823/162109.141:ERROR:crash_report_database_win.cc(469)] failed to stat report
[0823/162109.141:ERROR:crash_report_database_win.cc(469)] failed to stat report
[0823/163506.343:ERROR:crash_report_database_win.cc(469)] failed to stat report
[0823/163506.345:ERROR:crash_report_database_win.cc(469)] failed to stat report
[0823/163506.345:ERROR:crash_report_database_win.cc(469)] failed to stat report
[0823/163506.345:ERROR:crash_report_database_win.cc(469)] failed to stat report
[0823/163506.345:ERROR:crash_report_database_win.cc(469)] failed to stat report
[0823/163506.345:ERROR:crash_report_database_win.cc(469)] failed to stat report
[0823/163506.345:ERROR:crash_report_database_win.cc(469)] failed to stat report
[0823/163506.345:ERROR:crash_report_database_win.cc(469)] failed to stat report
[0823/163506.345:ERROR:crash_report_database_win.cc(469)] failed to stat report
[0823/163506.345:ERROR:crash_report_database_win.cc(469)] failed to stat report
[0823/163506.346:ERROR:crash_report_database_win.cc(469)] failed to stat report
[0823/163506.346:ERROR:crash_report_database_win.cc(469)] failed to stat report
[0823/163506.346:ERROR:crash_report_database_win.cc(469)] failed to stat report
[0823/163506.346:ERROR:crash_report_database_win.cc(469)] failed to stat report
[0823/163506.346:ERROR:crash_report_database_win.cc(469)] failed to stat report
[0823/163506.346:ERROR:crash_report_database_win.cc(469)] failed to stat report
[0823/171813.728:ERROR:crash_report_database_win.cc(469)] failed to stat report
[0823/171813.730:ERROR:crash_report_database_win.cc(469)] failed to stat report
[0823/171813.730:ERROR:crash_report_database_win.cc(469)] failed to stat report
[0823/171813.731:ERROR:crash_report_database_win.cc(469)] failed to stat report
[0823/171813.731:ERROR:crash_report_database_win.cc(469)] failed to stat report
[0823/171813.731:ERROR:crash_report_database_win.cc(469)] failed to stat report
[0823/171813.731:ERROR:crash_report_database_win.cc(469)] failed to stat report
[0823/171813.731:ERROR:crash_report_database_win.cc(469)] failed to stat report
[0823/171813.731:ERROR:crash_report_database_win.cc(469)] failed to stat report
[0823/171813.732:ERROR:crash_report_database_win.cc(469)] failed to stat report
[0823/171813.732:ERROR:crash_report_database_win.cc(469)] failed to stat report
[0823/171813.732:ERROR:crash_report_database_win.cc(469)] failed to stat report
[0823/171813.732:ERROR:crash_report_database_win.cc(469)] failed to stat report
[0823/171813.732:ERROR:crash_report_database_win.cc(469)] failed to stat report
[0823/171813.732:ERROR:crash_report_database_win.cc(469)] failed to stat report
[0823/171813.733:ERROR:crash_report_database_win.cc(469)] failed to stat report
[0824/133710.706:ERROR:crash_report_database_win.cc(469)] failed to stat report
[0824/133710.709:ERROR:crash_report_database_win.cc(469)] failed to stat report
[0824/133710.709:ERROR:crash_report_database_win.cc(469)] failed to stat report
[0824/133710.709:ERROR:crash_report_database_win.cc(469)] failed to stat report
[0824/133710.709:ERROR:crash_report_database_win.cc(469)] failed to stat report
[0824/133710.710:ERROR:crash_report_database_win.cc(469)] failed to stat report
[0824/133710.710:ERROR:crash_report_database_win.cc(469)] failed to stat report
[0824/133710.710:ERROR:crash_report_database_win.cc(469)] failed to stat report
[0824/133710.710:ERROR:crash_report_database_win.cc(469)] failed to stat report
[0824/133710.710:ERROR:crash_report_database_win.cc(469)] failed to stat report
[0824/133710.710:ERROR:crash_report_database_win.cc(469)] failed to stat report
[0824/133710.710:ERROR:crash_report_database_win.cc(469)] failed to stat report
[0824/133710.711:ERROR:crash_report_database_win.cc(469)] failed to stat report
[0824/133710.711:ERROR:crash_report_database_win.cc(469)] failed to stat report
[0824/133710.711:ERROR:crash_report_database_win.cc(469)] failed to stat report
[0824/133710.711:ERROR:crash_report_database_win.cc(469)] failed to stat report
[0824/134710.714:ERROR:crash_report_database_win.cc(469)] failed to stat report
[0824/134710.714:ERROR:crash_report_database_win.cc(469)] failed to stat report
[0824/134710.715:ERROR:crash_report_database_win.cc(469)] failed to stat report
[0824/134710.715:ERROR:crash_report_database_win.cc(469)] failed to stat report
[0824/134710.716:ERROR:crash_report_database_win.cc(469)] failed to stat report
[0824/134710.716:ERROR:crash_report_database_win.cc(469)] failed to stat report
[0824/134710.717:ERROR:crash_report_database_win.cc(469)] failed to stat report
[0824/134710.718:ERROR:crash_report_database_win.cc(469)] failed to stat report
[0824/134710.718:ERROR:crash_report_database_win.cc(469)] failed to stat report
[0824/134710.719:ERROR:crash_report_database_win.cc(469)] failed to stat report
[0824/134710.719:ERROR:crash_report_database_win.cc(469)] failed to stat report
[0824/134710.719:ERROR:crash_report_database_win.cc(469)] failed to stat report
[0824/134710.720:ERROR:crash_report_database_win.cc(469)] failed to stat report
[0824/134710.720:ERROR:crash_report_database_win.cc(469)] failed to stat report
[0824/134710.720:ERROR:crash_report_database_win.cc(469)] failed to stat report
[0824/134710.721:ERROR:crash_report_database_win.cc(469)] failed to stat report
[0824/134710.722:ERROR:crash_report_database_win.cc(469)] failed to stat report
[0824/134710.722:ERROR:crash_report_database_win.cc(469)] failed to stat report
[0824/134710.723:ERROR:crash_report_database_win.cc(469)] failed to stat report
[0824/134710.723:ERROR:crash_report_database_win.cc(469)] failed to stat report
[0824/134710.724:ERROR:crash_report_database_win.cc(469)] failed to stat report
[0824/134710.726:ERROR:crash_report_database_win.cc(469)] failed to stat report
[0824/134710.726:ERROR:crash_report_database_win.cc(469)] failed to stat report
[0824/134710.727:ERROR:crash_report_database_win.cc(469)] failed to stat report
[0824/134710.727:ERROR:crash_report_database_win.cc(469)] failed to stat report
[0824/134710.728:ERROR:crash_report_database_win.cc(469)] failed to stat report
[0824/134710.728:ERROR:crash_report_database_win.cc(469)] failed to stat report
[0824/134710.728:ERROR:crash_report_database_win.cc(469)] failed to stat report
[0824/134710.729:ERROR:crash_report_database_win.cc(469)] failed to stat report
[0824/134710.729:ERROR:crash_report_database_win.cc(469)] failed to stat report
[0824/134710.729:ERROR:crash_report_database_win.cc(469)] failed to stat report
[0824/134710.730:ERROR:crash_report_database_win.cc(469)] failed to stat report
[0824/135210.712:ERROR:crash_report_database_win.cc(469)] failed to stat report
[0824/135210.712:ERROR:crash_report_database_win.cc(469)] failed to stat report
[0824/135210.712:ERROR:crash_report_database_win.cc(469)] failed to stat report
[0824/135210.712:ERROR:crash_report_database_win.cc(469)] failed to stat report
[0824/135210.712:ERROR:crash_report_database_win.cc(469)] failed to stat report
[0824/135210.712:ERROR:crash_report_database_win.cc(469)] failed to stat report
[0824/135210.712:ERROR:crash_report_database_win.cc(469)] failed to stat report
[0824/135210.713:ERROR:crash_report_database_win.cc(469)] failed to stat report
[0824/135210.713:ERROR:crash_report_database_win.cc(469)] failed to stat report
[0824/135210.713:ERROR:crash_report_database_win.cc(469)] failed to stat report
[0824/135210.713:ERROR:crash_report_database_win.cc(469)] failed to stat report
[0824/135210.713:ERROR:crash_report_database_win.cc(469)] failed to stat report
[0824/135210.713:ERROR:crash_report_database_win.cc(469)] failed to stat report
[0824/135210.713:ERROR:crash_report_database_win.cc(469)] failed to stat report
[0824/135210.713:ERROR:crash_report_database_win.cc(469)] failed to stat report
[0824/135210.713:ERROR:crash_report_database_win.cc(469)] failed to stat report
[0824/135808.917:ERROR:crash_report_database_win.cc(469)] failed to stat report
[0824/135808.918:ERROR:crash_report_database_win.cc(469)] failed to stat report
[0824/135808.919:ERROR:crash_report_database_win.cc(469)] failed to stat report
[0824/135808.919:ERROR:crash_report_database_win.cc(469)] failed to stat report
[0824/135808.919:ERROR:crash_report_database_win.cc(469)] failed to stat report
[0824/135808.919:ERROR:crash_report_database_win.cc(469)] failed to stat report
[0824/135808.919:ERROR:crash_report_database_win.cc(469)] failed to stat report
[0824/135808.919:ERROR:crash_report_database_win.cc(469)] failed to stat report
[0824/135808.919:ERROR:crash_report_database_win.cc(469)] failed to stat report
[0824/135808.920:ERROR:crash_report_database_win.cc(469)] failed to stat report
[0824/135808.920:ERROR:crash_report_database_win.cc(469)] failed to stat report
[0824/135808.920:ERROR:crash_report_database_win.cc(469)] failed to stat report
[0824/135808.920:ERROR:crash_report_database_win.cc(469)] failed to stat report
[0824/135808.920:ERROR:crash_report_database_win.cc(469)] failed to stat report
[0824/135808.920:ERROR:crash_report_database_win.cc(469)] failed to stat report
[0824/135808.921:ERROR:crash_report_database_win.cc(469)] failed to stat report
[0824/140710.716:ERROR:crash_report_database_win.cc(469)] failed to stat report
[0824/140710.718:ERROR:crash_report_database_win.cc(469)] failed to stat report
[0824/140710.719:ERROR:crash_report_database_win.cc(469)] failed to stat report
[0824/140710.719:ERROR:crash_report_database_win.cc(469)] failed to stat report
[0824/140710.719:ERROR:crash_report_database_win.cc(469)] failed to stat report
[0824/140710.720:ERROR:crash_report_database_win.cc(469)] failed to stat report
[0824/140710.720:ERROR:crash_report_database_win.cc(469)] failed to stat report
[0824/140710.721:ERROR:crash_report_database_win.cc(469)] failed to stat report
[0824/140710.721:ERROR:crash_report_database_win.cc(469)] failed to stat report
[0824/140710.721:ERROR:crash_report_database_win.cc(469)] failed to stat report
[0824/140710.723:ERROR:crash_report_database_win.cc(469)] failed to stat report
[0824/140710.723:ERROR:crash_report_database_win.cc(469)] failed to stat report
[0824/140710.724:ERROR:crash_report_database_win.cc(469)] failed to stat report
[0824/140710.724:ERROR:crash_report_database_win.cc(469)] failed to stat report
[0824/140710.724:ERROR:crash_report_database_win.cc(469)] failed to stat report
[0824/140710.724:ERROR:crash_report_database_win.cc(469)] failed to stat report
[0824/142210.726:ERROR:crash_report_database_win.cc(469)] failed to stat report
[0824/142210.729:ERROR:crash_report_database_win.cc(469)] failed to stat report
[0824/142210.729:ERROR:crash_report_database_win.cc(469)] failed to stat report
[0824/142210.730:ERROR:crash_report_database_win.cc(469)] failed to stat report
[0824/142210.730:ERROR:crash_report_database_win.cc(469)] failed to stat report
[0824/142210.730:ERROR:crash_report_database_win.cc(469)] failed to stat report
[0824/142210.731:ERROR:crash_report_database_win.cc(469)] failed to stat report
[0824/142210.731:ERROR:crash_report_database_win.cc(469)] failed to stat report
[0824/142210.732:ERROR:crash_report_database_win.cc(469)] failed to stat report
[0824/142210.732:ERROR:crash_report_database_win.cc(469)] failed to stat report
[0824/142210.732:ERROR:crash_report_database_win.cc(469)] failed to stat report
[0824/142210.733:ERROR:crash_report_database_win.cc(469)] failed to stat report
[0824/142210.733:ERROR:crash_report_database_win.cc(469)] failed to stat report
[0824/142210.733:ERROR:crash_report_database_win.cc(469)] failed to stat report
[0824/142210.734:ERROR:crash_report_database_win.cc(469)] failed to stat report
[0824/142210.734:ERROR:crash_report_database_win.cc(469)] failed to stat report
[0824/143434.605:ERROR:process_reader_win.cc(123)] NtOpenThread: {Access Denied} A process has requested access to an object, but has not been granted those access rights. (0xc0000022)
[0824/143434.607:ERROR:exception_snapshot_win.cc(98)] thread ID 7284 not found in process
[0824/143434.635:ERROR:process_reader_win.cc(151)] SuspendThread: Access is denied. (0x5)
[0824/143434.635:ERROR:process_reader_win.cc(151)] SuspendThread: Access is denied. (0x5)
[0824/143434.635:ERROR:process_reader_win.cc(151)] SuspendThread: Access is denied. (0x5)
[0824/143434.635:ERROR:process_reader_win.cc(151)] SuspendThread: Access is denied. (0x5)
[0824/143434.635:ERROR:process_reader_win.cc(151)] SuspendThread: Access is denied. (0x5)
[0824/143434.635:ERROR:process_reader_win.cc(151)] SuspendThread: Access is denied. (0x5)
[0824/143434.635:ERROR:process_reader_win.cc(151)] SuspendThread: Access is denied. (0x5)
[0824/143434.635:ERROR:process_reader_win.cc(151)] SuspendThread: Access is denied. (0x5)
[0824/143434.635:ERROR:process_reader_win.cc(151)] SuspendThread: Access is denied. (0x5)
[0824/143434.635:ERROR:process_reader_win.cc(151)] SuspendThread: Access is denied. (0x5)
[0824/143434.639:ERROR:process_reader_win.cc(151)] SuspendThread: Access is denied. (0x5)
[0824/143434.639:ERROR:process_reader_win.cc(151)] SuspendThread: Access is denied. (0x5)
[0824/143434.639:ERROR:process_reader_win.cc(151)] SuspendThread: Access is denied. (0x5)
[0824/143434.639:ERROR:process_reader_win.cc(123)] NtOpenThread: {Access Denied} A process has requested access to an object, but has not been granted those access rights. (0xc0000022)
[0824/143434.639:ERROR:exception_snapshot_win.cc(98)] thread ID 11952 not found in process
[0824/143434.778:ERROR:process_reader_win.cc(151)] SuspendThread: Access is denied. (0x5)
[0824/143434.778:ERROR:process_reader_win.cc(151)] SuspendThread: Access is denied. (0x5)
[0824/143434.778:ERROR:process_reader_win.cc(151)] SuspendThread: Access is denied. (0x5)
[0824/143434.778:ERROR:process_reader_win.cc(151)] SuspendThread: Access is denied. (0x5)
[0824/143434.778:ERROR:process_reader_win.cc(151)] SuspendThread: Access is denied. (0x5)
[0824/143434.778:ERROR:process_reader_win.cc(151)] SuspendThread: Access is denied. (0x5)
[0824/143434.780:ERROR:process_reader_win.cc(151)] SuspendThread: Access is denied. (0x5)
[0824/143434.780:ERROR:process_reader_win.cc(151)] SuspendThread: Access is denied. (0x5)
[0824/143434.780:ERROR:process_reader_win.cc(151)] SuspendThread: Access is denied. (0x5)
[0824/143434.780:ERROR:process_reader_win.cc(151)] SuspendThread: Access is denied. (0x5)
[0824/143434.780:ERROR:process_reader_win.cc(151)] SuspendThread: Access is denied. (0x5)
[0824/143434.780:ERROR:process_reader_win.cc(123)] NtOpenThread: {Access Denied} A process has requested access to an object, but has not been granted those access rights. (0xc0000022)
[0824/143434.780:ERROR:exception_snapshot_win.cc(98)] thread ID 13164 not found in process
[0824/145639.930:ERROR:crash_report_database_win.cc(469)] failed to stat report
[0824/145639.932:ERROR:crash_report_database_win.cc(469)] failed to stat report
[0824/145639.932:ERROR:crash_report_database_win.cc(469)] failed to stat report
[0824/145639.933:ERROR:crash_report_database_win.cc(469)] failed to stat report
[0824/145639.933:ERROR:crash_report_database_win.cc(469)] failed to stat report
[0824/145639.933:ERROR:crash_report_database_win.cc(469)] failed to stat report
[0824/145639.933:ERROR:crash_report_database_win.cc(469)] failed to stat report
[0824/145639.933:ERROR:crash_report_database_win.cc(469)] failed to stat report
[0824/145639.933:ERROR:crash_report_database_win.cc(469)] failed to stat report
[0824/145639.934:ERROR:crash_report_database_win.cc(469)] failed to stat report
[0824/145639.934:ERROR:crash_report_database_win.cc(469)] failed to stat report
[0824/145639.934:ERROR:crash_report_database_win.cc(469)] failed to stat report
[0824/145639.934:ERROR:crash_report_database_win.cc(469)] failed to stat report
[0824/145639.934:ERROR:crash_report_database_win.cc(469)] failed to stat report
[0824/145639.934:ERROR:crash_report_database_win.cc(469)] failed to stat report
[0824/145639.934:ERROR:crash_report_database_win.cc(469)] failed to stat report
[0824/145906.980:ERROR:crash_report_database_win.cc(469)] failed to stat report
[0824/145906.982:ERROR:crash_report_database_win.cc(469)] failed to stat report
[0824/145906.982:ERROR:crash_report_database_win.cc(469)] failed to stat report
[0824/145906.983:ERROR:crash_report_database_win.cc(469)] failed to stat report
[0824/145906.983:ERROR:crash_report_database_win.cc(469)] failed to stat report
[0824/145906.983:ERROR:crash_report_database_win.cc(469)] failed to stat report
[0824/145906.983:ERROR:crash_report_database_win.cc(469)] failed to stat report
[0824/145906.983:ERROR:crash_report_database_win.cc(469)] failed to stat report
[0824/145906.983:ERROR:crash_report_database_win.cc(469)] failed to stat report
[0824/145906.984:ERROR:crash_report_database_win.cc(469)] failed to stat report
[0824/145906.984:ERROR:crash_report_database_win.cc(469)] failed to stat report
[0824/145906.984:ERROR:crash_report_database_win.cc(469)] failed to stat report
[0824/145906.984:ERROR:crash_report_database_win.cc(469)] failed to stat report
[0824/145906.984:ERROR:crash_report_database_win.cc(469)] failed to stat report
[0824/145906.985:ERROR:crash_report_database_win.cc(469)] failed to stat report
[0824/145906.985:ERROR:crash_report_database_win.cc(469)] failed to stat report
[0824/161355.257:ERROR:crash_report_database_win.cc(469)] failed to stat report
[0824/161355.259:ERROR:crash_report_database_win.cc(469)] failed to stat report
[0824/161355.259:ERROR:crash_report_database_win.cc(469)] failed to stat report
[0824/161355.260:ERROR:crash_report_database_win.cc(469)] failed to stat report
[0824/161355.260:ERROR:crash_report_database_win.cc(469)] failed to stat report
[0824/161355.260:ERROR:crash_report_database_win.cc(469)] failed to stat report
[0824/161355.260:ERROR:crash_report_database_win.cc(469)] failed to stat report
[0824/161355.260:ERROR:crash_report_database_win.cc(469)] failed to stat report
[0824/161355.260:ERROR:crash_report_database_win.cc(469)] failed to stat report
[0824/161355.261:ERROR:crash_report_database_win.cc(469)] failed to stat report
[0824/161355.261:ERROR:crash_report_database_win.cc(469)] failed to stat report
[0824/161355.261:ERROR:crash_report_database_win.cc(469)] failed to stat report
[0824/161355.261:ERROR:crash_report_database_win.cc(469)] failed to stat report
[0824/161355.261:ERROR:crash_report_database_win.cc(469)] failed to stat report
[0824/161355.261:ERROR:crash_report_database_win.cc(469)] failed to stat report
[0824/161355.262:ERROR:crash_report_database_win.cc(469)] failed to stat report
[0824/161951.685:ERROR:crash_report_database_win.cc(469)] failed to stat report
[0824/161951.690:ERROR:crash_report_database_win.cc(469)] failed to stat report
[0824/161951.690:ERROR:crash_report_database_win.cc(469)] failed to stat report
[0824/161951.691:ERROR:crash_report_database_win.cc(469)] failed to stat report
[0824/161951.691:ERROR:crash_report_database_win.cc(469)] failed to stat report
[0824/161951.691:ERROR:crash_report_database_win.cc(469)] failed to stat report
[0824/161951.692:ERROR:crash_report_database_win.cc(469)] failed to stat report
[0824/161951.693:ERROR:crash_report_database_win.cc(469)] failed to stat report
[0824/161951.694:ERROR:crash_report_database_win.cc(469)] failed to stat report
[0824/161951.694:ERROR:crash_report_database_win.cc(469)] failed to stat report
[0824/161951.695:ERROR:crash_report_database_win.cc(469)] failed to stat report
[0824/161951.695:ERROR:crash_report_database_win.cc(469)] failed to stat report
[0824/161951.696:ERROR:crash_report_database_win.cc(469)] failed to stat report
[0824/161951.696:ERROR:crash_report_database_win.cc(469)] failed to stat report
[0824/161951.696:ERROR:crash_report_database_win.cc(469)] failed to stat report
[0824/161951.697:ERROR:crash_report_database_win.cc(469)] failed to stat report
[0824/162918.211:ERROR:crash_report_database_win.cc(469)] failed to stat report
[0824/162918.213:ERROR:crash_report_database_win.cc(469)] failed to stat report
[0824/162918.214:ERROR:crash_report_database_win.cc(469)] failed to stat report
[0824/162918.214:ERROR:crash_report_database_win.cc(469)] failed to stat report
[0824/162918.214:ERROR:crash_report_database_win.cc(469)] failed to stat report
[0824/162918.214:ERROR:crash_report_database_win.cc(469)] failed to stat report
[0824/162918.214:ERROR:crash_report_database_win.cc(469)] failed to stat report
[0824/162918.215:ERROR:crash_report_database_win.cc(469)] failed to stat report
[0824/162918.215:ERROR:crash_report_database_win.cc(469)] failed to stat report
[0824/162918.215:ERROR:crash_report_database_win.cc(469)] failed to stat report
[0824/162918.215:ERROR:crash_report_database_win.cc(469)] failed to stat report
[0824/162918.215:ERROR:crash_report_database_win.cc(469)] failed to stat report
[0824/162918.216:ERROR:crash_report_database_win.cc(469)] failed to stat report
[0824/162918.216:ERROR:crash_report_database_win.cc(469)] failed to stat report
[0824/162918.216:ERROR:crash_report_database_win.cc(469)] failed to stat report
[0824/162918.216:ERROR:crash_report_database_win.cc(469)] failed to stat report
[0824/183327.307:ERROR:crash_report_database_win.cc(469)] failed to stat report
[0824/183327.310:ERROR:crash_report_database_win.cc(469)] failed to stat report
[0824/183327.311:ERROR:crash_report_database_win.cc(469)] failed to stat report
[0824/183327.311:ERROR:crash_report_database_win.cc(469)] failed to stat report
[0824/183327.312:ERROR:crash_report_database_win.cc(469)] failed to stat report
[0824/183327.312:ERROR:crash_report_database_win.cc(469)] failed to stat report
[0824/183327.312:ERROR:crash_report_database_win.cc(469)] failed to stat report
[0824/183327.313:ERROR:crash_report_database_win.cc(469)] failed to stat report
[0824/183327.313:ERROR:crash_report_database_win.cc(469)] failed to stat report
[0824/183327.313:ERROR:crash_report_database_win.cc(469)] failed to stat report
[0824/183327.314:ERROR:crash_report_database_win.cc(469)] failed to stat report
[0824/183327.314:ERROR:crash_report_database_win.cc(469)] failed to stat report
[0824/183327.315:ERROR:crash_report_database_win.cc(469)] failed to stat report
[0824/183327.315:ERROR:crash_report_database_win.cc(469)] failed to stat report
[0824/183327.317:ERROR:crash_report_database_win.cc(469)] failed to stat report
[0824/183327.317:ERROR:crash_report_database_win.cc(469)] failed to stat report
[0824/184036.921:ERROR:crash_report_database_win.cc(469)] failed to stat report
[0824/184036.924:ERROR:crash_report_database_win.cc(469)] failed to stat report
[0824/184036.924:ERROR:crash_report_database_win.cc(469)] failed to stat report
[0824/184036.925:ERROR:crash_report_database_win.cc(469)] failed to stat report
[0824/184036.926:ERROR:crash_report_database_win.cc(469)] failed to stat report
[0824/184036.926:ERROR:crash_report_database_win.cc(469)] failed to stat report
[0824/184036.926:ERROR:crash_report_database_win.cc(469)] failed to stat report
[0824/184036.927:ERROR:crash_report_database_win.cc(469)] failed to stat report
[0824/184036.927:ERROR:crash_report_database_win.cc(469)] failed to stat report
[0824/184036.927:ERROR:crash_report_database_win.cc(469)] failed to stat report
[0824/184036.929:ERROR:crash_report_database_win.cc(469)] failed to stat report
[0824/184036.929:ERROR:crash_report_database_win.cc(469)] failed to stat report
[0824/184036.929:ERROR:crash_report_database_win.cc(469)] failed to stat report
[0824/184036.930:ERROR:crash_report_database_win.cc(469)] failed to stat report
[0824/184036.930:ERROR:crash_report_database_win.cc(469)] failed to stat report
[0824/184036.931:ERROR:crash_report_database_win.cc(469)] failed to stat report
[0824/190859.883:ERROR:crash_report_database_win.cc(469)] failed to stat report
[0824/190859.885:ERROR:crash_report_database_win.cc(469)] failed to stat report
[0824/190859.885:ERROR:crash_report_database_win.cc(469)] failed to stat report
[0824/190859.886:ERROR:crash_report_database_win.cc(469)] failed to stat report
[0824/190859.886:ERROR:crash_report_database_win.cc(469)] failed to stat report
[0824/190859.886:ERROR:crash_report_database_win.cc(469)] failed to stat report
[0824/190859.887:ERROR:crash_report_database_win.cc(469)] failed to stat report
[0824/190859.887:ERROR:crash_report_database_win.cc(469)] failed to stat report
[0824/190859.890:ERROR:crash_report_database_win.cc(469)] failed to stat report
[0824/190859.890:ERROR:crash_report_database_win.cc(469)] failed to stat report
[0824/190859.891:ERROR:crash_report_database_win.cc(469)] failed to stat report
[0824/190859.891:ERROR:crash_report_database_win.cc(469)] failed to stat report
[0824/190859.891:ERROR:crash_report_database_win.cc(469)] failed to stat report
[0824/190859.892:ERROR:crash_report_database_win.cc(469)] failed to stat report
[0824/190859.894:ERROR:crash_report_database_win.cc(469)] failed to stat report
[0824/190859.895:ERROR:crash_report_database_win.cc(469)] failed to stat report
[0824/192143.584:ERROR:crash_report_database_win.cc(469)] failed to stat report
[0824/192143.588:ERROR:crash_report_database_win.cc(469)] failed to stat report
[0824/192143.590:ERROR:crash_report_database_win.cc(469)] failed to stat report
[0824/192143.590:ERROR:crash_report_database_win.cc(469)] failed to stat report
[0824/192143.591:ERROR:crash_report_database_win.cc(469)] failed to stat report
[0824/192143.591:ERROR:crash_report_database_win.cc(469)] failed to stat report
[0824/192143.591:ERROR:crash_report_database_win.cc(469)] failed to stat report
[0824/192143.592:ERROR:crash_report_database_win.cc(469)] failed to stat report
[0824/192143.592:ERROR:crash_report_database_win.cc(469)] failed to stat report
[0824/192143.592:ERROR:crash_report_database_win.cc(469)] failed to stat report
[0824/192143.593:ERROR:crash_report_database_win.cc(469)] failed to stat report
[0824/192143.593:ERROR:crash_report_database_win.cc(469)] failed to stat report
[0824/192143.594:ERROR:crash_report_database_win.cc(469)] failed to stat report
[0824/192143.594:ERROR:crash_report_database_win.cc(469)] failed to stat report
[0824/192143.594:ERROR:crash_report_database_win.cc(469)] failed to stat report
[0824/192143.595:ERROR:crash_report_database_win.cc(469)] failed to stat report
[0824/192322.290:ERROR:crash_report_database_win.cc(469)] failed to stat report
[0824/192322.295:ERROR:crash_report_database_win.cc(469)] failed to stat report
[0824/192322.296:ERROR:crash_report_database_win.cc(469)] failed to stat report
[0824/192322.296:ERROR:crash_report_database_win.cc(469)] failed to stat report
[0824/192322.296:ERROR:crash_report_database_win.cc(469)] failed to stat report
[0824/192322.297:ERROR:crash_report_database_win.cc(469)] failed to stat report
[0824/192322.297:ERROR:crash_report_database_win.cc(469)] failed to stat report
[0824/192322.298:ERROR:crash_report_database_win.cc(469)] failed to stat report
[0824/192322.298:ERROR:crash_report_database_win.cc(469)] failed to stat report
[0824/192322.299:ERROR:crash_report_database_win.cc(469)] failed to stat report
[0824/192322.299:ERROR:crash_report_database_win.cc(469)] failed to stat report
[0824/192322.299:ERROR:crash_report_database_win.cc(469)] failed to stat report
[0824/192322.300:ERROR:crash_report_database_win.cc(469)] failed to stat report
[0824/192322.300:ERROR:crash_report_database_win.cc(469)] failed to stat report
[0824/192322.301:ERROR:crash_report_database_win.cc(469)] failed to stat report
[0824/192322.301:ERROR:crash_report_database_win.cc(469)] failed to stat report
[0825/143051.621:ERROR:crash_report_database_win.cc(469)] failed to stat report
[0825/143051.624:ERROR:crash_report_database_win.cc(469)] failed to stat report
[0825/143051.624:ERROR:crash_report_database_win.cc(469)] failed to stat report
[0825/143051.624:ERROR:crash_report_database_win.cc(469)] failed to stat report
[0825/143051.624:ERROR:crash_report_database_win.cc(469)] failed to stat report
[0825/143051.625:ERROR:crash_report_database_win.cc(469)] failed to stat report
[0825/143051.625:ERROR:crash_report_database_win.cc(469)] failed to stat report
[0825/143051.625:ERROR:crash_report_database_win.cc(469)] failed to stat report
[0825/143051.625:ERROR:crash_report_database_win.cc(469)] failed to stat report
[0825/143051.626:ERROR:crash_report_database_win.cc(469)] failed to stat report
[0825/143051.626:ERROR:crash_report_database_win.cc(469)] failed to stat report
[0825/143051.629:ERROR:crash_report_database_win.cc(469)] failed to stat report
[0825/143051.629:ERROR:crash_report_database_win.cc(469)] failed to stat report
[0825/143051.629:ERROR:crash_report_database_win.cc(469)] failed to stat report
[0825/143051.629:ERROR:crash_report_database_win.cc(469)] failed to stat report
[0825/143051.630:ERROR:crash_report_database_win.cc(469)] failed to stat report
[0825/151152.238:ERROR:crash_report_database_win.cc(469)] failed to stat report
[0825/151152.241:ERROR:crash_report_database_win.cc(469)] failed to stat report
[0825/151152.242:ERROR:crash_report_database_win.cc(469)] failed to stat report
[0825/151152.242:ERROR:crash_report_database_win.cc(469)] failed to stat report
[0825/151152.242:ERROR:crash_report_database_win.cc(469)] failed to stat report
[0825/151152.243:ERROR:crash_report_database_win.cc(469)] failed to stat report
[0825/151152.244:ERROR:crash_report_database_win.cc(469)] failed to stat report
[0825/151152.244:ERROR:crash_report_database_win.cc(469)] failed to stat report
[0825/151152.244:ERROR:crash_report_database_win.cc(469)] failed to stat report
[0825/151152.244:ERROR:crash_report_database_win.cc(469)] failed to stat report
[0825/151152.245:ERROR:crash_report_database_win.cc(469)] failed to stat report
[0825/151152.245:ERROR:crash_report_database_win.cc(469)] failed to stat report
[0825/151152.245:ERROR:crash_report_database_win.cc(469)] failed to stat report
[0825/151152.245:ERROR:crash_report_database_win.cc(469)] failed to stat report
[0825/151152.245:ERROR:crash_report_database_win.cc(469)] failed to stat report
[0825/151152.246:ERROR:crash_report_database_win.cc(469)] failed to stat report
[0829/151705.640:ERROR:crash_report_database_win.cc(469)] failed to stat report
[0829/151705.644:ERROR:crash_report_database_win.cc(469)] failed to stat report
[0829/151705.644:ERROR:crash_report_database_win.cc(469)] failed to stat report
[0829/151705.644:ERROR:crash_report_database_win.cc(469)] failed to stat report
[0829/151705.645:ERROR:crash_report_database_win.cc(469)] failed to stat report
[0829/151705.645:ERROR:crash_report_database_win.cc(469)] failed to stat report
[0829/151705.646:ERROR:crash_report_database_win.cc(469)] failed to stat report
[0829/151705.646:ERROR:crash_report_database_win.cc(469)] failed to stat report
[0829/151705.647:ERROR:crash_report_database_win.cc(469)] failed to stat report
[0829/151705.647:ERROR:crash_report_database_win.cc(469)] failed to stat report
[0829/151705.648:ERROR:crash_report_database_win.cc(469)] failed to stat report
[0829/151705.649:ERROR:crash_report_database_win.cc(469)] failed to stat report
[0829/151705.650:ERROR:crash_report_database_win.cc(469)] failed to stat report
[0829/151705.650:ERROR:crash_report_database_win.cc(469)] failed to stat report
[0829/151705.650:ERROR:crash_report_database_win.cc(469)] failed to stat report
[0829/151705.651:ERROR:crash_report_database_win.cc(469)] failed to stat report
[0829/152705.646:ERROR:crash_report_database_win.cc(469)] failed to stat report
[0829/152705.648:ERROR:crash_report_database_win.cc(469)] failed to stat report
[0829/152705.648:ERROR:crash_report_database_win.cc(469)] failed to stat report
[0829/152705.648:ERROR:crash_report_database_win.cc(469)] failed to stat report
[0829/152705.649:ERROR:crash_report_database_win.cc(469)] failed to stat report
[0829/152705.649:ERROR:crash_report_database_win.cc(469)] failed to stat report
[0829/152705.650:ERROR:crash_report_database_win.cc(469)] failed to stat report
[0829/152705.650:ERROR:crash_report_database_win.cc(469)] failed to stat report
[0829/152705.651:ERROR:crash_report_database_win.cc(469)] failed to stat report
[0829/152705.651:ERROR:crash_report_database_win.cc(469)] failed to stat report
[0829/152705.652:ERROR:crash_report_database_win.cc(469)] failed to stat report
[0829/152705.652:ERROR:crash_report_database_win.cc(469)] failed to stat report
[0829/152705.652:ERROR:crash_report_database_win.cc(469)] failed to stat report
[0829/152705.652:ERROR:crash_report_database_win.cc(469)] failed to stat report
[0829/152705.653:ERROR:crash_report_database_win.cc(469)] failed to stat report
[0829/152705.653:ERROR:crash_report_database_win.cc(469)] failed to stat report
[0829/152705.654:ERROR:crash_report_database_win.cc(469)] failed to stat report
[0829/152705.656:ERROR:crash_report_database_win.cc(469)] failed to stat report
[0829/152705.657:ERROR:crash_report_database_win.cc(469)] failed to stat report
[0829/152705.657:ERROR:crash_report_database_win.cc(469)] failed to stat report
[0829/152705.657:ERROR:crash_report_database_win.cc(469)] failed to stat report
[0829/152705.658:ERROR:crash_report_database_win.cc(469)] failed to stat report
[0829/152705.658:ERROR:crash_report_database_win.cc(469)] failed to stat report
[0829/152705.658:ERROR:crash_report_database_win.cc(469)] failed to stat report
[0829/152705.659:ERROR:crash_report_database_win.cc(469)] failed to stat report
[0829/152705.659:ERROR:crash_report_database_win.cc(469)] failed to stat report
[0829/152705.660:ERROR:crash_report_database_win.cc(469)] failed to stat report
[0829/152705.660:ERROR:crash_report_database_win.cc(469)] failed to stat report
[0829/152705.660:ERROR:crash_report_database_win.cc(469)] failed to stat report
[0829/152705.661:ERROR:crash_report_database_win.cc(469)] failed to stat report
[0829/152705.661:ERROR:crash_report_database_win.cc(469)] failed to stat report
[0829/152705.661:ERROR:crash_report_database_win.cc(469)] failed to stat report
[0829/153205.653:ERROR:crash_report_database_win.cc(469)] failed to stat report
[0829/153205.655:ERROR:crash_report_database_win.cc(469)] failed to stat report
[0829/153205.655:ERROR:crash_report_database_win.cc(469)] failed to stat report
[0829/153205.656:ERROR:crash_report_database_win.cc(469)] failed to stat report
[0829/153205.656:ERROR:crash_report_database_win.cc(469)] failed to stat report
[0829/153205.657:ERROR:crash_report_database_win.cc(469)] failed to stat report
[0829/153205.657:ERROR:crash_report_database_win.cc(469)] failed to stat report
[0829/153205.657:ERROR:crash_report_database_win.cc(469)] failed to stat report
[0829/153205.658:ERROR:crash_report_database_win.cc(469)] failed to stat report
[0829/153205.658:ERROR:crash_report_database_win.cc(469)] failed to stat report
[0829/153205.659:ERROR:crash_report_database_win.cc(469)] failed to stat report
[0829/153205.659:ERROR:crash_report_database_win.cc(469)] failed to stat report
[0829/153205.659:ERROR:crash_report_database_win.cc(469)] failed to stat report
[0829/153205.660:ERROR:crash_report_database_win.cc(469)] failed to stat report
[0829/153205.660:ERROR:crash_report_database_win.cc(469)] failed to stat report
[0829/153205.660:ERROR:crash_report_database_win.cc(469)] failed to stat report
[0829/154705.666:ERROR:crash_report_database_win.cc(469)] failed to stat report
[0829/154705.666:ERROR:crash_report_database_win.cc(469)] failed to stat report
[0829/154705.667:ERROR:crash_report_database_win.cc(469)] failed to stat report
[0829/154705.667:ERROR:crash_report_database_win.cc(469)] failed to stat report
[0829/154705.668:ERROR:crash_report_database_win.cc(469)] failed to stat report
[0829/154705.668:ERROR:crash_report_database_win.cc(469)] failed to stat report
[0829/154705.668:ERROR:crash_report_database_win.cc(469)] failed to stat report
[0829/154705.669:ERROR:crash_report_database_win.cc(469)] failed to stat report
[0829/154705.669:ERROR:crash_report_database_win.cc(469)] failed to stat report
[0829/154705.669:ERROR:crash_report_database_win.cc(469)] failed to stat report
[0829/154705.670:ERROR:crash_report_database_win.cc(469)] failed to stat report
[0829/154705.670:ERROR:crash_report_database_win.cc(469)] failed to stat report
[0829/154705.671:ERROR:crash_report_database_win.cc(469)] failed to stat report
[0829/154705.671:ERROR:crash_report_database_win.cc(469)] failed to stat report
[0829/154705.671:ERROR:crash_report_database_win.cc(469)] failed to stat report
[0829/154705.671:ERROR:crash_report_database_win.cc(469)] failed to stat report
[0829/160205.673:ERROR:crash_report_database_win.cc(469)] failed to stat report
[0829/160205.674:ERROR:crash_report_database_win.cc(469)] failed to stat report
[0829/160205.674:ERROR:crash_report_database_win.cc(469)] failed to stat report
[0829/160205.675:ERROR:crash_report_database_win.cc(469)] failed to stat report
[0829/160205.675:ERROR:crash_report_database_win.cc(469)] failed to stat report
[0829/160205.675:ERROR:crash_report_database_win.cc(469)] failed to stat report
[0829/160205.676:ERROR:crash_report_database_win.cc(469)] failed to stat report
[0829/160205.676:ERROR:crash_report_database_win.cc(469)] failed to stat report
[0829/160205.676:ERROR:crash_report_database_win.cc(469)] failed to stat report
[0829/160205.677:ERROR:crash_report_database_win.cc(469)] failed to stat report
[0829/160205.677:ERROR:crash_report_database_win.cc(469)] failed to stat report
[0829/160205.678:ERROR:crash_report_database_win.cc(469)] failed to stat report
[0829/160205.679:ERROR:crash_report_database_win.cc(469)] failed to stat report
[0829/160205.679:ERROR:crash_report_database_win.cc(469)] failed to stat report
[0829/160205.680:ERROR:crash_report_database_win.cc(469)] failed to stat report
[0829/160205.680:ERROR:crash_report_database_win.cc(469)] failed to stat report
[0829/161705.683:ERROR:crash_report_database_win.cc(469)] failed to stat report
[0829/161705.685:ERROR:crash_report_database_win.cc(469)] failed to stat report
[0829/161705.686:ERROR:crash_report_database_win.cc(469)] failed to stat report
[0829/161705.687:ERROR:crash_report_database_win.cc(469)] failed to stat report
[0829/161705.687:ERROR:crash_report_database_win.cc(469)] failed to stat report
[0829/161705.688:ERROR:crash_report_database_win.cc(469)] failed to stat report
[0829/161705.688:ERROR:crash_report_database_win.cc(469)] failed to stat report
[0829/161705.689:ERROR:crash_report_database_win.cc(469)] failed to stat report
[0829/161705.689:ERROR:crash_report_database_win.cc(469)] failed to stat report
[0829/161705.690:ERROR:crash_report_database_win.cc(469)] failed to stat report
[0829/161705.690:ERROR:crash_report_database_win.cc(469)] failed to stat report
[0829/161705.690:ERROR:crash_report_database_win.cc(469)] failed to stat report
[0829/161705.691:ERROR:crash_report_database_win.cc(469)] failed to stat report
[0829/161705.691:ERROR:crash_report_database_win.cc(469)] failed to stat report
[0829/161705.692:ERROR:crash_report_database_win.cc(469)] failed to stat report
[0829/161705.692:ERROR:crash_report_database_win.cc(469)] failed to stat report
[0829/163205.694:ERROR:crash_report_database_win.cc(469)] failed to stat report
[0829/163205.695:ERROR:crash_report_database_win.cc(469)] failed to stat report
[0829/163205.695:ERROR:crash_report_database_win.cc(469)] failed to stat report
[0829/163205.696:ERROR:crash_report_database_win.cc(469)] failed to stat report
[0829/163205.696:ERROR:crash_report_database_win.cc(469)] failed to stat report
[0829/163205.696:ERROR:crash_report_database_win.cc(469)] failed to stat report
[0829/163205.697:ERROR:crash_report_database_win.cc(469)] failed to stat report
[0829/163205.697:ERROR:crash_report_database_win.cc(469)] failed to stat report
[0829/163205.697:ERROR:crash_report_database_win.cc(469)] failed to stat report
[0829/163205.698:ERROR:crash_report_database_win.cc(469)] failed to stat report
[0829/163205.698:ERROR:crash_report_database_win.cc(469)] failed to stat report
[0829/163205.698:ERROR:crash_report_database_win.cc(469)] failed to stat report
[0829/163205.699:ERROR:crash_report_database_win.cc(469)] failed to stat report
[0829/163205.699:ERROR:crash_report_database_win.cc(469)] failed to stat report
[0829/163205.699:ERROR:crash_report_database_win.cc(469)] failed to stat report
[0829/163205.700:ERROR:crash_report_database_win.cc(469)] failed to stat report
[0829/164705.702:ERROR:crash_report_database_win.cc(469)] failed to stat report
[0829/164705.704:ERROR:crash_report_database_win.cc(469)] failed to stat report
[0829/164705.705:ERROR:crash_report_database_win.cc(469)] failed to stat report
[0829/164705.705:ERROR:crash_report_database_win.cc(469)] failed to stat report
[0829/164705.705:ERROR:crash_report_database_win.cc(469)] failed to stat report
[0829/164705.706:ERROR:crash_report_database_win.cc(469)] failed to stat report
[0829/164705.706:ERROR:crash_report_database_win.cc(469)] failed to stat report
[0829/164705.706:ERROR:crash_report_database_win.cc(469)] failed to stat report
[0829/164705.707:ERROR:crash_report_database_win.cc(469)] failed to stat report
[0829/164705.707:ERROR:crash_report_database_win.cc(469)] failed to stat report
[0829/164705.707:ERROR:crash_report_database_win.cc(469)] failed to stat report
[0829/164705.708:ERROR:crash_report_database_win.cc(469)] failed to stat report
[0829/164705.708:ERROR:crash_report_database_win.cc(469)] failed to stat report
[0829/164705.708:ERROR:crash_report_database_win.cc(469)] failed to stat report
[0829/164705.708:ERROR:crash_report_database_win.cc(469)] failed to stat report
[0829/164705.709:ERROR:crash_report_database_win.cc(469)] failed to stat report
[0829/170205.744:ERROR:crash_report_database_win.cc(469)] failed to stat report
[0829/170205.762:ERROR:crash_report_database_win.cc(469)] failed to stat report
[0829/170205.763:ERROR:crash_report_database_win.cc(469)] failed to stat report
[0829/170205.763:ERROR:crash_report_database_win.cc(469)] failed to stat report
[0829/170205.764:ERROR:crash_report_database_win.cc(469)] failed to stat report
[0829/170205.764:ERROR:crash_report_database_win.cc(469)] failed to stat report
[0829/170205.765:ERROR:crash_report_database_win.cc(469)] failed to stat report
[0829/170205.765:ERROR:crash_report_database_win.cc(469)] failed to stat report
[0829/170205.765:ERROR:crash_report_database_win.cc(469)] failed to stat report
[0829/170205.766:ERROR:crash_report_database_win.cc(469)] failed to stat report
[0829/170205.766:ERROR:crash_report_database_win.cc(469)] failed to stat report
[0829/170205.767:ERROR:crash_report_database_win.cc(469)] failed to stat report
[0829/170205.767:ERROR:crash_report_database_win.cc(469)] failed to stat report
[0829/170205.768:ERROR:crash_report_database_win.cc(469)] failed to stat report
[0829/170205.768:ERROR:crash_report_database_win.cc(469)] failed to stat report
[0829/170205.768:ERROR:crash_report_database_win.cc(469)] failed to stat report
[0829/171615.652:ERROR:crash_report_database_win.cc(469)] failed to stat report
[0829/171615.654:ERROR:crash_report_database_win.cc(469)] failed to stat report
[0829/171615.654:ERROR:crash_report_database_win.cc(469)] failed to stat report
[0829/171615.654:ERROR:crash_report_database_win.cc(469)] failed to stat report
[0829/171615.655:ERROR:crash_report_database_win.cc(469)] failed to stat report
[0829/171615.655:ERROR:crash_report_database_win.cc(469)] failed to stat report
[0829/171615.655:ERROR:crash_report_database_win.cc(469)] failed to stat report
[0829/171615.656:ERROR:crash_report_database_win.cc(469)] failed to stat report
[0829/171615.656:ERROR:crash_report_database_win.cc(469)] failed to stat report
[0829/171615.656:ERROR:crash_report_database_win.cc(469)] failed to stat report
[0829/171615.656:ERROR:crash_report_database_win.cc(469)] failed to stat report
[0829/171615.656:ERROR:crash_report_database_win.cc(469)] failed to stat report
[0829/171615.657:ERROR:crash_report_database_win.cc(469)] failed to stat report
[0829/171615.657:ERROR:crash_report_database_win.cc(469)] failed to stat report
[0829/171615.657:ERROR:crash_report_database_win.cc(469)] failed to stat report
[0829/171615.657:ERROR:crash_report_database_win.cc(469)] failed to stat report
[0829/171702.294:ERROR:crash_report_database_win.cc(469)] failed to stat report
[0829/171702.297:ERROR:crash_report_database_win.cc(469)] failed to stat report
[0829/171702.297:ERROR:crash_report_database_win.cc(469)] failed to stat report
[0829/171702.297:ERROR:crash_report_database_win.cc(469)] failed to stat report
[0829/171702.298:ERROR:crash_report_database_win.cc(469)] failed to stat report
[0829/171702.298:ERROR:crash_report_database_win.cc(469)] failed to stat report
[0829/171702.299:ERROR:crash_report_database_win.cc(469)] failed to stat report
[0829/171702.299:ERROR:crash_report_database_win.cc(469)] failed to stat report
[0829/171702.299:ERROR:crash_report_database_win.cc(469)] failed to stat report
[0829/171702.300:ERROR:crash_report_database_win.cc(469)] failed to stat report
[0829/171702.300:ERROR:crash_report_database_win.cc(469)] failed to stat report
[0829/171702.300:ERROR:crash_report_database_win.cc(469)] failed to stat report
[0829/171702.301:ERROR:crash_report_database_win.cc(469)] failed to stat report
[0829/171702.301:ERROR:crash_report_database_win.cc(469)] failed to stat report
[0829/171702.302:ERROR:crash_report_database_win.cc(469)] failed to stat report
[0829/171702.302:ERROR:crash_report_database_win.cc(469)] failed to stat report
[0829/173202.304:ERROR:crash_report_database_win.cc(469)] failed to stat report
[0829/173202.307:ERROR:crash_report_database_win.cc(469)] failed to stat report
[0829/173202.307:ERROR:crash_report_database_win.cc(469)] failed to stat report
[0829/173202.308:ERROR:crash_report_database_win.cc(469)] failed to stat report
[0829/173202.308:ERROR:crash_report_database_win.cc(469)] failed to stat report
[0829/173202.308:ERROR:crash_report_database_win.cc(469)] failed to stat report
[0829/173202.309:ERROR:crash_report_database_win.cc(469)] failed to stat report
[0829/173202.309:ERROR:crash_report_database_win.cc(469)] failed to stat report
[0829/173202.309:ERROR:crash_report_database_win.cc(469)] failed to stat report
[0829/173202.310:ERROR:crash_report_database_win.cc(469)] failed to stat report
[0829/173202.310:ERROR:crash_report_database_win.cc(469)] failed to stat report
[0829/173202.310:ERROR:crash_report_database_win.cc(469)] failed to stat report
[0829/173202.311:ERROR:crash_report_database_win.cc(469)] failed to stat report
[0829/173202.311:ERROR:crash_report_database_win.cc(469)] failed to stat report
[0829/173202.311:ERROR:crash_report_database_win.cc(469)] failed to stat report
[0829/173202.312:ERROR:crash_report_database_win.cc(469)] failed to stat report
[0829/174702.313:ERROR:crash_report_database_win.cc(469)] failed to stat report
[0829/174702.315:ERROR:crash_report_database_win.cc(469)] failed to stat report
[0829/174702.316:ERROR:crash_report_database_win.cc(469)] failed to stat report
[0829/174702.316:ERROR:crash_report_database_win.cc(469)] failed to stat report
[0829/174702.316:ERROR:crash_report_database_win.cc(469)] failed to stat report
[0829/174702.317:ERROR:crash_report_database_win.cc(469)] failed to stat report
[0829/174702.317:ERROR:crash_report_database_win.cc(469)] failed to stat report
[0829/174702.317:ERROR:crash_report_database_win.cc(469)] failed to stat report
[0829/174702.318:ERROR:crash_report_database_win.cc(469)] failed to stat report
[0829/174702.318:ERROR:crash_report_database_win.cc(469)] failed to stat report
[0829/174702.319:ERROR:crash_report_database_win.cc(469)] failed to stat report
[0829/174702.319:ERROR:crash_report_database_win.cc(469)] failed to stat report
[0829/174702.319:ERROR:crash_report_database_win.cc(469)] failed to stat report
[0829/174702.320:ERROR:crash_report_database_win.cc(469)] failed to stat report
[0829/174702.320:ERROR:crash_report_database_win.cc(469)] failed to stat report
[0829/174702.321:ERROR:crash_report_database_win.cc(469)] failed to stat report
[0829/180202.323:ERROR:crash_report_database_win.cc(469)] failed to stat report
[0829/180202.326:ERROR:crash_report_database_win.cc(469)] failed to stat report
[0829/180202.326:ERROR:crash_report_database_win.cc(469)] failed to stat report
[0829/180202.326:ERROR:crash_report_database_win.cc(469)] failed to stat report
[0829/180202.327:ERROR:crash_report_database_win.cc(469)] failed to stat report
[0829/180202.327:ERROR:crash_report_database_win.cc(469)] failed to stat report
[0829/180202.328:ERROR:crash_report_database_win.cc(469)] failed to stat report
[0829/180202.328:ERROR:crash_report_database_win.cc(469)] failed to stat report
[0829/180202.328:ERROR:crash_report_database_win.cc(469)] failed to stat report
[0829/180202.329:ERROR:crash_report_database_win.cc(469)] failed to stat report
[0829/180202.329:ERROR:crash_report_database_win.cc(469)] failed to stat report
[0829/180202.330:ERROR:crash_report_database_win.cc(469)] failed to stat report
[0829/180202.330:ERROR:crash_report_database_win.cc(469)] failed to stat report
[0829/180202.331:ERROR:crash_report_database_win.cc(469)] failed to stat report
[0829/180202.331:ERROR:crash_report_database_win.cc(469)] failed to stat report
[0829/180202.331:ERROR:crash_report_database_win.cc(469)] failed to stat report
[0829/181702.334:ERROR:crash_report_database_win.cc(469)] failed to stat report
[0829/181702.336:ERROR:crash_report_database_win.cc(469)] failed to stat report
[0829/181702.336:ERROR:crash_report_database_win.cc(469)] failed to stat report
[0829/181702.337:ERROR:crash_report_database_win.cc(469)] failed to stat report
[0829/181702.337:ERROR:crash_report_database_win.cc(469)] failed to stat report
[0829/181702.337:ERROR:crash_report_database_win.cc(469)] failed to stat report
[0829/181702.338:ERROR:crash_report_database_win.cc(469)] failed to stat report
[0829/181702.338:ERROR:crash_report_database_win.cc(469)] failed to stat report
[0829/181702.338:ERROR:crash_report_database_win.cc(469)] failed to stat report
[0829/181702.339:ERROR:crash_report_database_win.cc(469)] failed to stat report
[0829/181702.339:ERROR:crash_report_database_win.cc(469)] failed to stat report
[0829/181702.339:ERROR:crash_report_database_win.cc(469)] failed to stat report
[0829/181702.340:ERROR:crash_report_database_win.cc(469)] failed to stat report
[0829/181702.340:ERROR:crash_report_database_win.cc(469)] failed to stat report
[0829/181702.340:ERROR:crash_report_database_win.cc(469)] failed to stat report
[0829/181702.340:ERROR:crash_report_database_win.cc(469)] failed to stat report
[0829/183202.343:ERROR:crash_report_database_win.cc(469)] failed to stat report
[0829/183202.346:ERROR:crash_report_database_win.cc(469)] failed to stat report
[0829/183202.346:ERROR:crash_report_database_win.cc(469)] failed to stat report
[0829/183202.347:ERROR:crash_report_database_win.cc(469)] failed to stat report
[0829/183202.347:ERROR:crash_report_database_win.cc(469)] failed to stat report
[0829/183202.347:ERROR:crash_report_database_win.cc(469)] failed to stat report
[0829/183202.348:ERROR:crash_report_database_win.cc(469)] failed to stat report
[0829/183202.348:ERROR:crash_report_database_win.cc(469)] failed to stat report
[0829/183202.349:ERROR:crash_report_database_win.cc(469)] failed to stat report
[0829/183202.349:ERROR:crash_report_database_win.cc(469)] failed to stat report
[0829/183202.349:ERROR:crash_report_database_win.cc(469)] failed to stat report
[0829/183202.350:ERROR:crash_report_database_win.cc(469)] failed to stat report
[0829/183202.350:ERROR:crash_report_database_win.cc(469)] failed to stat report
[0829/183202.350:ERROR:crash_report_database_win.cc(469)] failed to stat report
[0829/183202.351:ERROR:crash_report_database_win.cc(469)] failed to stat report
[0829/183202.351:ERROR:crash_report_database_win.cc(469)] failed to stat report
[0829/184702.352:ERROR:crash_report_database_win.cc(469)] failed to stat report
[0829/184702.355:ERROR:crash_report_database_win.cc(469)] failed to stat report
[0829/184702.355:ERROR:crash_report_database_win.cc(469)] failed to stat report
[0829/184702.356:ERROR:crash_report_database_win.cc(469)] failed to stat report
[0829/184702.356:ERROR:crash_report_database_win.cc(469)] failed to stat report
[0829/184702.357:ERROR:crash_report_database_win.cc(469)] failed to stat report
[0829/184702.357:ERROR:crash_report_database_win.cc(469)] failed to stat report
[0829/184702.358:ERROR:crash_report_database_win.cc(469)] failed to stat report
[0829/184702.358:ERROR:crash_report_database_win.cc(469)] failed to stat report
[0829/184702.358:ERROR:crash_report_database_win.cc(469)] failed to stat report
[0829/184702.359:ERROR:crash_report_database_win.cc(469)] failed to stat report
[0829/184702.359:ERROR:crash_report_database_win.cc(469)] failed to stat report
[0829/184702.359:ERROR:crash_report_database_win.cc(469)] failed to stat report
[0829/184702.360:ERROR:crash_report_database_win.cc(469)] failed to stat report
[0829/184702.360:ERROR:crash_report_database_win.cc(469)] failed to stat report
[0829/184702.360:ERROR:crash_report_database_win.cc(469)] failed to stat report
[0829/190202.362:ERROR:crash_report_database_win.cc(469)] failed to stat report
[0829/190202.363:ERROR:crash_report_database_win.cc(469)] failed to stat report
[0829/190202.363:ERROR:crash_report_database_win.cc(469)] failed to stat report
[0829/190202.363:ERROR:crash_report_database_win.cc(469)] failed to stat report
[0829/190202.364:ERROR:crash_report_database_win.cc(469)] failed to stat report
[0829/190202.364:ERROR:crash_report_database_win.cc(469)] failed to stat report
[0829/190202.365:ERROR:crash_report_database_win.cc(469)] failed to stat report
[0829/190202.365:ERROR:crash_report_database_win.cc(469)] failed to stat report
[0829/190202.365:ERROR:crash_report_database_win.cc(469)] failed to stat report
[0829/190202.366:ERROR:crash_report_database_win.cc(469)] failed to stat report
[0829/190202.366:ERROR:crash_report_database_win.cc(469)] failed to stat report
[0829/190202.367:ERROR:crash_report_database_win.cc(469)] failed to stat report
[0829/190202.367:ERROR:crash_report_database_win.cc(469)] failed to stat report
[0829/190202.367:ERROR:crash_report_database_win.cc(469)] failed to stat report
[0829/190202.367:ERROR:crash_report_database_win.cc(469)] failed to stat report
[0829/190202.368:ERROR:crash_report_database_win.cc(469)] failed to stat report
[0829/191702.369:ERROR:crash_report_database_win.cc(469)] failed to stat report
[0829/191702.370:ERROR:crash_report_database_win.cc(469)] failed to stat report
[0829/191702.370:ERROR:crash_report_database_win.cc(469)] failed to stat report
[0829/191702.370:ERROR:crash_report_database_win.cc(469)] failed to stat report
[0829/191702.371:ERROR:crash_report_database_win.cc(469)] failed to stat report
[0829/191702.371:ERROR:crash_report_database_win.cc(469)] failed to stat report
[0829/191702.372:ERROR:crash_report_database_win.cc(469)] failed to stat report
[0829/191702.372:ERROR:crash_report_database_win.cc(469)] failed to stat report
[0829/191702.372:ERROR:crash_report_database_win.cc(469)] failed to stat report
[0829/191702.373:ERROR:crash_report_database_win.cc(469)] failed to stat report
[0829/191702.373:ERROR:crash_report_database_win.cc(469)] failed to stat report
[0829/191702.373:ERROR:crash_report_database_win.cc(469)] failed to stat report
[0829/191702.374:ERROR:crash_report_database_win.cc(469)] failed to stat report
[0829/191702.374:ERROR:crash_report_database_win.cc(469)] failed to stat report
[0829/191702.375:ERROR:crash_report_database_win.cc(469)] failed to stat report
[0829/191702.375:ERROR:crash_report_database_win.cc(469)] failed to stat report
[0829/193202.377:ERROR:crash_report_database_win.cc(469)] failed to stat report
[0829/193202.379:ERROR:crash_report_database_win.cc(469)] failed to stat report
[0829/193202.380:ERROR:crash_report_database_win.cc(469)] failed to stat report
[0829/193202.380:ERROR:crash_report_database_win.cc(469)] failed to stat report
[0829/193202.380:ERROR:crash_report_database_win.cc(469)] failed to stat report
[0829/193202.381:ERROR:crash_report_database_win.cc(469)] failed to stat report
[0829/193202.381:ERROR:crash_report_database_win.cc(469)] failed to stat report
[0829/193202.382:ERROR:crash_report_database_win.cc(469)] failed to stat report
[0829/193202.382:ERROR:crash_report_database_win.cc(469)] failed to stat report
[0829/193202.383:ERROR:crash_report_database_win.cc(469)] failed to stat report
[0829/193202.383:ERROR:crash_report_database_win.cc(469)] failed to stat report
[0829/193202.383:ERROR:crash_report_database_win.cc(469)] failed to stat report
[0829/193202.384:ERROR:crash_report_database_win.cc(469)] failed to stat report
[0829/193202.384:ERROR:crash_report_database_win.cc(469)] failed to stat report
[0829/193202.384:ERROR:crash_report_database_win.cc(469)] failed to stat report
[0829/193202.385:ERROR:crash_report_database_win.cc(469)] failed to stat report
[0829/194702.387:ERROR:crash_report_database_win.cc(469)] failed to stat report
[0829/194702.390:ERROR:crash_report_database_win.cc(469)] failed to stat report
[0829/194702.391:ERROR:crash_report_database_win.cc(469)] failed to stat report
[0829/194702.391:ERROR:crash_report_database_win.cc(469)] failed to stat report
[0829/194702.392:ERROR:crash_report_database_win.cc(469)] failed to stat report
[0829/194702.392:ERROR:crash_report_database_win.cc(469)] failed to stat report
[0829/194702.392:ERROR:crash_report_database_win.cc(469)] failed to stat report
[0829/194702.393:ERROR:crash_report_database_win.cc(469)] failed to stat report
[0829/194702.393:ERROR:crash_report_database_win.cc(469)] failed to stat report
[0829/194702.394:ERROR:crash_report_database_win.cc(469)] failed to stat report
[0829/194702.394:ERROR:crash_report_database_win.cc(469)] failed to stat report
[0829/194702.394:ERROR:crash_report_database_win.cc(469)] failed to stat report
[0829/194702.395:ERROR:crash_report_database_win.cc(469)] failed to stat report
[0829/194702.395:ERROR:crash_report_database_win.cc(469)] failed to stat report
[0829/194702.395:ERROR:crash_report_database_win.cc(469)] failed to stat report
[0829/194702.396:ERROR:crash_report_database_win.cc(469)] failed to stat report
[0829/200202.397:ERROR:crash_report_database_win.cc(469)] failed to stat report
[0829/200202.399:ERROR:crash_report_database_win.cc(469)] failed to stat report
[0829/200202.400:ERROR:crash_report_database_win.cc(469)] failed to stat report
[0829/200202.400:ERROR:crash_report_database_win.cc(469)] failed to stat report
[0829/200202.400:ERROR:crash_report_database_win.cc(469)] failed to stat report
[0829/200202.401:ERROR:crash_report_database_win.cc(469)] failed to stat report
[0829/200202.401:ERROR:crash_report_database_win.cc(469)] failed to stat report
[0829/200202.402:ERROR:crash_report_database_win.cc(469)] failed to stat report
[0829/200202.402:ERROR:crash_report_database_win.cc(469)] failed to stat report
[0829/200202.402:ERROR:crash_report_database_win.cc(469)] failed to stat report
[0829/200202.403:ERROR:crash_report_database_win.cc(469)] failed to stat report
[0829/200202.403:ERROR:crash_report_database_win.cc(469)] failed to stat report
[0829/200202.404:ERROR:crash_report_database_win.cc(469)] failed to stat report
[0829/200202.404:ERROR:crash_report_database_win.cc(469)] failed to stat report
[0829/200202.405:ERROR:crash_report_database_win.cc(469)] failed to stat report
[0829/200202.405:ERROR:crash_report_database_win.cc(469)] failed to stat report
[0829/201702.406:ERROR:crash_report_database_win.cc(469)] failed to stat report
[0829/201702.409:ERROR:crash_report_database_win.cc(469)] failed to stat report
[0829/201702.409:ERROR:crash_report_database_win.cc(469)] failed to stat report
[0829/201702.410:ERROR:crash_report_database_win.cc(469)] failed to stat report
[0829/201702.410:ERROR:crash_report_database_win.cc(469)] failed to stat report
[0829/201702.411:ERROR:crash_report_database_win.cc(469)] failed to stat report
[0829/201702.411:ERROR:crash_report_database_win.cc(469)] failed to stat report
[0829/201702.411:ERROR:crash_report_database_win.cc(469)] failed to stat report
[0829/201702.412:ERROR:crash_report_database_win.cc(469)] failed to stat report
[0829/201702.412:ERROR:crash_report_database_win.cc(469)] failed to stat report
[0829/201702.413:ERROR:crash_report_database_win.cc(469)] failed to stat report
[0829/201702.413:ERROR:crash_report_database_win.cc(469)] failed to stat report
[0829/201702.413:ERROR:crash_report_database_win.cc(469)] failed to stat report
[0829/201702.414:ERROR:crash_report_database_win.cc(469)] failed to stat report
[0829/201702.414:ERROR:crash_report_database_win.cc(469)] failed to stat report
[0829/201702.414:ERROR:crash_report_database_win.cc(469)] failed to stat report
[0829/203202.416:ERROR:crash_report_database_win.cc(469)] failed to stat report
[0829/203202.418:ERROR:crash_report_database_win.cc(469)] failed to stat report
[0829/203202.419:ERROR:crash_report_database_win.cc(469)] failed to stat report
[0829/203202.419:ERROR:crash_report_database_win.cc(469)] failed to stat report
[0829/203202.420:ERROR:crash_report_database_win.cc(469)] failed to stat report
[0829/203202.420:ERROR:crash_report_database_win.cc(469)] failed to stat report
[0829/203202.421:ERROR:crash_report_database_win.cc(469)] failed to stat report
[0829/203202.421:ERROR:crash_report_database_win.cc(469)] failed to stat report
[0829/203202.421:ERROR:crash_report_database_win.cc(469)] failed to stat report
[0829/203202.422:ERROR:crash_report_database_win.cc(469)] failed to stat report
[0829/203202.422:ERROR:crash_report_database_win.cc(469)] failed to stat report
[0829/203202.422:ERROR:crash_report_database_win.cc(469)] failed to stat report
[0829/203202.423:ERROR:crash_report_database_win.cc(469)] failed to stat report
[0829/203202.423:ERROR:crash_report_database_win.cc(469)] failed to stat report
[0829/203202.424:ERROR:crash_report_database_win.cc(469)] failed to stat report
[0829/203202.424:ERROR:crash_report_database_win.cc(469)] failed to stat report
[0829/204702.425:ERROR:crash_report_database_win.cc(469)] failed to stat report
[0829/204702.428:ERROR:crash_report_database_win.cc(469)] failed to stat report
[0829/204702.428:ERROR:crash_report_database_win.cc(469)] failed to stat report
[0829/204702.429:ERROR:crash_report_database_win.cc(469)] failed to stat report
[0829/204702.429:ERROR:crash_report_database_win.cc(469)] failed to stat report
[0829/204702.430:ERROR:crash_report_database_win.cc(469)] failed to stat report
[0829/204702.430:ERROR:crash_report_database_win.cc(469)] failed to stat report
[0829/204702.430:ERROR:crash_report_database_win.cc(469)] failed to stat report
[0829/204702.431:ERROR:crash_report_database_win.cc(469)] failed to stat report
[0829/204702.431:ERROR:crash_report_database_win.cc(469)] failed to stat report
[0829/204702.432:ERROR:crash_report_database_win.cc(469)] failed to stat report
[0829/204702.432:ERROR:crash_report_database_win.cc(469)] failed to stat report
[0829/204702.433:ERROR:crash_report_database_win.cc(469)] failed to stat report
[0829/204702.433:ERROR:crash_report_database_win.cc(469)] failed to stat report
[0829/204702.433:ERROR:crash_report_database_win.cc(469)] failed to stat report
[0829/204702.434:ERROR:crash_report_database_win.cc(469)] failed to stat report
[0829/210202.435:ERROR:crash_report_database_win.cc(469)] failed to stat report
[0829/210202.439:ERROR:crash_report_database_win.cc(469)] failed to stat report
[0829/210202.439:ERROR:crash_report_database_win.cc(469)] failed to stat report
[0829/210202.439:ERROR:crash_report_database_win.cc(469)] failed to stat report
[0829/210202.440:ERROR:crash_report_database_win.cc(469)] failed to stat report
[0829/210202.440:ERROR:crash_report_database_win.cc(469)] failed to stat report
[0829/210202.440:ERROR:crash_report_database_win.cc(469)] failed to stat report
[0829/210202.441:ERROR:crash_report_database_win.cc(469)] failed to stat report
[0829/210202.441:ERROR:crash_report_database_win.cc(469)] failed to stat report
[0829/210202.441:ERROR:crash_report_database_win.cc(469)] failed to stat report
[0829/210202.442:ERROR:crash_report_database_win.cc(469)] failed to stat report
[0829/210202.442:ERROR:crash_report_database_win.cc(469)] failed to stat report
[0829/210202.442:ERROR:crash_report_database_win.cc(469)] failed to stat report
[0829/210202.442:ERROR:crash_report_database_win.cc(469)] failed to stat report
[0829/210202.443:ERROR:crash_report_database_win.cc(469)] failed to stat report
[0829/210202.443:ERROR:crash_report_database_win.cc(469)] failed to stat report
[0830/073646.953:ERROR:crash_report_database_win.cc(469)] failed to stat report
[0830/073646.954:ERROR:crash_report_database_win.cc(469)] failed to stat report
[0830/073646.955:ERROR:crash_report_database_win.cc(469)] failed to stat report
[0830/073646.955:ERROR:crash_report_database_win.cc(469)] failed to stat report
[0830/073646.955:ERROR:crash_report_database_win.cc(469)] failed to stat report
[0830/073646.955:ERROR:crash_report_database_win.cc(469)] failed to stat report
[0830/073646.955:ERROR:crash_report_database_win.cc(469)] failed to stat report
[0830/073646.955:ERROR:crash_report_database_win.cc(469)] failed to stat report
[0830/073646.955:ERROR:crash_report_database_win.cc(469)] failed to stat report
[0830/073646.955:ERROR:crash_report_database_win.cc(469)] failed to stat report
[0830/073646.955:ERROR:crash_report_database_win.cc(469)] failed to stat report
[0830/073646.956:ERROR:crash_report_database_win.cc(469)] failed to stat report
[0830/073646.956:ERROR:crash_report_database_win.cc(469)] failed to stat report
[0830/073646.956:ERROR:crash_report_database_win.cc(469)] failed to stat report
[0830/073646.956:ERROR:crash_report_database_win.cc(469)] failed to stat report
[0830/073646.956:ERROR:crash_report_database_win.cc(469)] failed to stat report
[0830/074646.962:ERROR:crash_report_database_win.cc(469)] failed to stat report
[0830/074646.962:ERROR:crash_report_database_win.cc(469)] failed to stat report
[0830/074646.963:ERROR:crash_report_database_win.cc(469)] failed to stat report
[0830/074646.963:ERROR:crash_report_database_win.cc(469)] failed to stat report
[0830/074646.963:ERROR:crash_report_database_win.cc(469)] failed to stat report
[0830/074646.963:ERROR:crash_report_database_win.cc(469)] failed to stat report
[0830/074646.964:ERROR:crash_report_database_win.cc(469)] failed to stat report
[0830/074646.964:ERROR:crash_report_database_win.cc(469)] failed to stat report
[0830/074646.964:ERROR:crash_report_database_win.cc(469)] failed to stat report
[0830/074646.964:ERROR:crash_report_database_win.cc(469)] failed to stat report
[0830/074646.964:ERROR:crash_report_database_win.cc(469)] failed to stat report
[0830/074646.965:ERROR:crash_report_database_win.cc(469)] failed to stat report
[0830/074646.965:ERROR:crash_report_database_win.cc(469)] failed to stat report
[0830/074646.965:ERROR:crash_report_database_win.cc(469)] failed to stat report
[0830/074646.965:ERROR:crash_report_database_win.cc(469)] failed to stat report
[0830/074646.965:ERROR:crash_report_database_win.cc(469)] failed to stat report
[0830/074646.967:ERROR:crash_report_database_win.cc(469)] failed to stat report
[0830/074646.967:ERROR:crash_report_database_win.cc(469)] failed to stat report
[0830/074646.967:ERROR:crash_report_database_win.cc(469)] failed to stat report
[0830/074646.968:ERROR:crash_report_database_win.cc(469)] failed to stat report
[0830/074646.968:ERROR:crash_report_database_win.cc(469)] failed to stat report
[0830/074646.968:ERROR:crash_report_database_win.cc(469)] failed to stat report
[0830/074646.968:ERROR:crash_report_database_win.cc(469)] failed to stat report
[0830/074646.968:ERROR:crash_report_database_win.cc(469)] failed to stat report
[0830/074646.969:ERROR:crash_report_database_win.cc(469)] failed to stat report
[0830/074646.969:ERROR:crash_report_database_win.cc(469)] failed to stat report
[0830/074646.969:ERROR:crash_report_database_win.cc(469)] failed to stat report
[0830/074646.969:ERROR:crash_report_database_win.cc(469)] failed to stat report
[0830/074646.969:ERROR:crash_report_database_win.cc(469)] failed to stat report
[0830/074646.970:ERROR:crash_report_database_win.cc(469)] failed to stat report
[0830/074646.970:ERROR:crash_report_database_win.cc(469)] failed to stat report
[0830/074646.970:ERROR:crash_report_database_win.cc(469)] failed to stat report
[0830/075107.422:ERROR:crash_report_database_win.cc(469)] failed to stat report
[0830/075107.423:ERROR:crash_report_database_win.cc(469)] failed to stat report
[0830/075107.424:ERROR:crash_report_database_win.cc(469)] failed to stat report
[0830/075107.424:ERROR:crash_report_database_win.cc(469)] failed to stat report
[0830/075107.424:ERROR:crash_report_database_win.cc(469)] failed to stat report
[0830/075107.424:ERROR:crash_report_database_win.cc(469)] failed to stat report
[0830/075107.424:ERROR:crash_report_database_win.cc(469)] failed to stat report
[0830/075107.424:ERROR:crash_report_database_win.cc(469)] failed to stat report
[0830/075107.424:ERROR:crash_report_database_win.cc(469)] failed to stat report
[0830/075107.425:ERROR:crash_report_database_win.cc(469)] failed to stat report
[0830/075107.425:ERROR:crash_report_database_win.cc(469)] failed to stat report
[0830/075107.425:ERROR:crash_report_database_win.cc(469)] failed to stat report
[0830/075107.425:ERROR:crash_report_database_win.cc(469)] failed to stat report
[0830/075107.425:ERROR:crash_report_database_win.cc(469)] failed to stat report
[0830/075107.425:ERROR:crash_report_database_win.cc(469)] failed to stat report
[0830/075107.426:ERROR:crash_report_database_win.cc(469)] failed to stat report
[0830/075146.956:ERROR:crash_report_database_win.cc(469)] failed to stat report
[0830/075146.957:ERROR:crash_report_database_win.cc(469)] failed to stat report
[0830/075146.957:ERROR:crash_report_database_win.cc(469)] failed to stat report
[0830/075146.957:ERROR:crash_report_database_win.cc(469)] failed to stat report
[0830/075146.957:ERROR:crash_report_database_win.cc(469)] failed to stat report
[0830/075146.957:ERROR:crash_report_database_win.cc(469)] failed to stat report
[0830/075146.957:ERROR:crash_report_database_win.cc(469)] failed to stat report
[0830/075146.958:ERROR:crash_report_database_win.cc(469)] failed to stat report
[0830/075146.958:ERROR:crash_report_database_win.cc(469)] failed to stat report
[0830/075146.959:ERROR:crash_report_database_win.cc(469)] failed to stat report
[0830/075146.959:ERROR:crash_report_database_win.cc(469)] failed to stat report
[0830/075146.959:ERROR:crash_report_database_win.cc(469)] failed to stat report
[0830/075146.959:ERROR:crash_report_database_win.cc(469)] failed to stat report
[0830/075146.959:ERROR:crash_report_database_win.cc(469)] failed to stat report
[0830/075146.960:ERROR:crash_report_database_win.cc(469)] failed to stat report
[0830/075146.960:ERROR:crash_report_database_win.cc(469)] failed to stat report
[0830/080646.961:ERROR:crash_report_database_win.cc(469)] failed to stat report
[0830/080646.961:ERROR:crash_report_database_win.cc(469)] failed to stat report
[0830/080646.961:ERROR:crash_report_database_win.cc(469)] failed to stat report
[0830/080646.961:ERROR:crash_report_database_win.cc(469)] failed to stat report
[0830/080646.961:ERROR:crash_report_database_win.cc(469)] failed to stat report
[0830/080646.962:ERROR:crash_report_database_win.cc(469)] failed to stat report
[0830/080646.962:ERROR:crash_report_database_win.cc(469)] failed to stat report
[0830/080646.962:ERROR:crash_report_database_win.cc(469)] failed to stat report
[0830/080646.962:ERROR:crash_report_database_win.cc(469)] failed to stat report
[0830/080646.962:ERROR:crash_report_database_win.cc(469)] failed to stat report
[0830/080646.962:ERROR:crash_report_database_win.cc(469)] failed to stat report
[0830/080646.962:ERROR:crash_report_database_win.cc(469)] failed to stat report
[0830/080646.963:ERROR:crash_report_database_win.cc(469)] failed to stat report
[0830/080646.963:ERROR:crash_report_database_win.cc(469)] failed to stat report
[0830/080646.963:ERROR:crash_report_database_win.cc(469)] failed to stat report
[0830/080646.963:ERROR:crash_report_database_win.cc(469)] failed to stat report
[0830/082146.965:ERROR:crash_report_database_win.cc(469)] failed to stat report
[0830/082146.965:ERROR:crash_report_database_win.cc(469)] failed to stat report
[0830/082146.965:ERROR:crash_report_database_win.cc(469)] failed to stat report
[0830/082146.965:ERROR:crash_report_database_win.cc(469)] failed to stat report
[0830/082146.965:ERROR:crash_report_database_win.cc(469)] failed to stat report
[0830/082146.965:ERROR:crash_report_database_win.cc(469)] failed to stat report
[0830/082146.966:ERROR:crash_report_database_win.cc(469)] failed to stat report
[0830/082146.966:ERROR:crash_report_database_win.cc(469)] failed to stat report
[0830/082146.966:ERROR:crash_report_database_win.cc(469)] failed to stat report
[0830/082146.966:ERROR:crash_report_database_win.cc(469)] failed to stat report
[0830/082146.966:ERROR:crash_report_database_win.cc(469)] failed to stat report
[0830/082146.966:ERROR:crash_report_database_win.cc(469)] failed to stat report
[0830/082146.966:ERROR:crash_report_database_win.cc(469)] failed to stat report
[0830/082146.966:ERROR:crash_report_database_win.cc(469)] failed to stat report
[0830/082146.967:ERROR:crash_report_database_win.cc(469)] failed to stat report
[0830/082146.967:ERROR:crash_report_database_win.cc(469)] failed to stat report
[0830/083646.968:ERROR:crash_report_database_win.cc(469)] failed to stat report
[0830/083646.968:ERROR:crash_report_database_win.cc(469)] failed to stat report
[0830/083646.968:ERROR:crash_report_database_win.cc(469)] failed to stat report
[0830/083646.968:ERROR:crash_report_database_win.cc(469)] failed to stat report
[0830/083646.968:ERROR:crash_report_database_win.cc(469)] failed to stat report
[0830/083646.968:ERROR:crash_report_database_win.cc(469)] failed to stat report
[0830/083646.969:ERROR:crash_report_database_win.cc(469)] failed to stat report
[0830/083646.969:ERROR:crash_report_database_win.cc(469)] failed to stat report
[0830/083646.969:ERROR:crash_report_database_win.cc(469)] failed to stat report
[0830/083646.969:ERROR:crash_report_database_win.cc(469)] failed to stat report
[0830/083646.969:ERROR:crash_report_database_win.cc(469)] failed to stat report
[0830/083646.969:ERROR:crash_report_database_win.cc(469)] failed to stat report
[0830/083646.969:ERROR:crash_report_database_win.cc(469)] failed to stat report
[0830/083646.969:ERROR:crash_report_database_win.cc(469)] failed to stat report
[0830/083646.970:ERROR:crash_report_database_win.cc(469)] failed to stat report
[0830/083646.970:ERROR:crash_report_database_win.cc(469)] failed to stat report
[0830/085146.974:ERROR:crash_report_database_win.cc(469)] failed to stat report
[0830/085146.974:ERROR:crash_report_database_win.cc(469)] failed to stat report
[0830/085146.974:ERROR:crash_report_database_win.cc(469)] failed to stat report
[0830/085146.974:ERROR:crash_report_database_win.cc(469)] failed to stat report
[0830/085146.975:ERROR:crash_report_database_win.cc(469)] failed to stat report
[0830/085146.975:ERROR:crash_report_database_win.cc(469)] failed to stat report
[0830/085146.975:ERROR:crash_report_database_win.cc(469)] failed to stat report
[0830/085146.975:ERROR:crash_report_database_win.cc(469)] failed to stat report
[0830/085146.975:ERROR:crash_report_database_win.cc(469)] failed to stat report
[0830/085146.975:ERROR:crash_report_database_win.cc(469)] failed to stat report
[0830/085146.976:ERROR:crash_report_database_win.cc(469)] failed to stat report
[0830/085146.976:ERROR:crash_report_database_win.cc(469)] failed to stat report
[0830/085146.976:ERROR:crash_report_database_win.cc(469)] failed to stat report
[0830/085146.976:ERROR:crash_report_database_win.cc(469)] failed to stat report
[0830/085146.976:ERROR:crash_report_database_win.cc(469)] failed to stat report
[0830/085146.976:ERROR:crash_report_database_win.cc(469)] failed to stat report
[0830/090646.978:ERROR:crash_report_database_win.cc(469)] failed to stat report
[0830/090646.978:ERROR:crash_report_database_win.cc(469)] failed to stat report
[0830/090646.978:ERROR:crash_report_database_win.cc(469)] failed to stat report
[0830/090646.978:ERROR:crash_report_database_win.cc(469)] failed to stat report
[0830/090646.978:ERROR:crash_report_database_win.cc(469)] failed to stat report
[0830/090646.979:ERROR:crash_report_database_win.cc(469)] failed to stat report
[0830/090646.979:ERROR:crash_report_database_win.cc(469)] failed to stat report
[0830/090646.979:ERROR:crash_report_database_win.cc(469)] failed to stat report
[0830/090646.979:ERROR:crash_report_database_win.cc(469)] failed to stat report
[0830/090646.979:ERROR:crash_report_database_win.cc(469)] failed to stat report
[0830/090646.979:ERROR:crash_report_database_win.cc(469)] failed to stat report
[0830/090646.979:ERROR:crash_report_database_win.cc(469)] failed to stat report
[0830/090646.979:ERROR:crash_report_database_win.cc(469)] failed to stat report
[0830/090646.980:ERROR:crash_report_database_win.cc(469)] failed to stat report
[0830/090646.980:ERROR:crash_report_database_win.cc(469)] failed to stat report
[0830/090646.980:ERROR:crash_report_database_win.cc(469)] failed to stat report
[0830/092146.981:ERROR:crash_report_database_win.cc(469)] failed to stat report
[0830/092146.981:ERROR:crash_report_database_win.cc(469)] failed to stat report
[0830/092146.982:ERROR:crash_report_database_win.cc(469)] failed to stat report
[0830/092146.982:ERROR:crash_report_database_win.cc(469)] failed to stat report
[0830/092146.982:ERROR:crash_report_database_win.cc(469)] failed to stat report
[0830/092146.982:ERROR:crash_report_database_win.cc(469)] failed to stat report
[0830/092146.982:ERROR:crash_report_database_win.cc(469)] failed to stat report
[0830/092146.982:ERROR:crash_report_database_win.cc(469)] failed to stat report
[0830/092146.983:ERROR:crash_report_database_win.cc(469)] failed to stat report
[0830/092146.983:ERROR:crash_report_database_win.cc(469)] failed to stat report
[0830/092146.983:ERROR:crash_report_database_win.cc(469)] failed to stat report
[0830/092146.983:ERROR:crash_report_database_win.cc(469)] failed to stat report
[0830/092146.983:ERROR:crash_report_database_win.cc(469)] failed to stat report
[0830/092146.984:ERROR:crash_report_database_win.cc(469)] failed to stat report
[0830/092146.984:ERROR:crash_report_database_win.cc(469)] failed to stat report
[0830/092146.984:ERROR:crash_report_database_win.cc(469)] failed to stat report
[0830/093432.766:ERROR:crash_report_database_win.cc(469)] failed to stat report
[0830/093432.769:ERROR:crash_report_database_win.cc(469)] failed to stat report
[0830/093432.769:ERROR:crash_report_database_win.cc(469)] failed to stat report
[0830/093432.770:ERROR:crash_report_database_win.cc(469)] failed to stat report
[0830/093432.770:ERROR:crash_report_database_win.cc(469)] failed to stat report
[0830/093432.770:ERROR:crash_report_database_win.cc(469)] failed to stat report
[0830/093432.770:ERROR:crash_report_database_win.cc(469)] failed to stat report
[0830/093432.771:ERROR:crash_report_database_win.cc(469)] failed to stat report
[0830/093432.771:ERROR:crash_report_database_win.cc(469)] failed to stat report
[0830/093432.771:ERROR:crash_report_database_win.cc(469)] failed to stat report
[0830/093432.771:ERROR:crash_report_database_win.cc(469)] failed to stat report
[0830/093432.771:ERROR:crash_report_database_win.cc(469)] failed to stat report
[0830/093432.771:ERROR:crash_report_database_win.cc(469)] failed to stat report
[0830/093432.772:ERROR:crash_report_database_win.cc(469)] failed to stat report
[0830/093432.772:ERROR:crash_report_database_win.cc(469)] failed to stat report
[0830/093432.772:ERROR:crash_report_database_win.cc(469)] failed to stat report
[0830/093646.988:ERROR:crash_report_database_win.cc(469)] failed to stat report
[0830/093646.989:ERROR:crash_report_database_win.cc(469)] failed to stat report
[0830/093646.989:ERROR:crash_report_database_win.cc(469)] failed to stat report
[0830/093646.989:ERROR:crash_report_database_win.cc(469)] failed to stat report
[0830/093646.989:ERROR:crash_report_database_win.cc(469)] failed to stat report
[0830/093646.989:ERROR:crash_report_database_win.cc(469)] failed to stat report
[0830/093646.989:ERROR:crash_report_database_win.cc(469)] failed to stat report
[0830/093646.989:ERROR:crash_report_database_win.cc(469)] failed to stat report
[0830/093646.989:ERROR:crash_report_database_win.cc(469)] failed to stat report
[0830/093646.990:ERROR:crash_report_database_win.cc(469)] failed to stat report
[0830/093646.990:ERROR:crash_report_database_win.cc(469)] failed to stat report
[0830/093646.990:ERROR:crash_report_database_win.cc(469)] failed to stat report
[0830/093646.990:ERROR:crash_report_database_win.cc(469)] failed to stat report
[0830/093646.990:ERROR:crash_report_database_win.cc(469)] failed to stat report
[0830/093646.990:ERROR:crash_report_database_win.cc(469)] failed to stat report
[0830/093646.990:ERROR:crash_report_database_win.cc(469)] failed to stat report
[0830/094041.264:ERROR:crash_report_database_win.cc(469)] failed to stat report
[0830/094041.266:ERROR:crash_report_database_win.cc(469)] failed to stat report
[0830/094041.266:ERROR:crash_report_database_win.cc(469)] failed to stat report
[0830/094041.266:ERROR:crash_report_database_win.cc(469)] failed to stat report
[0830/094041.266:ERROR:crash_report_database_win.cc(469)] failed to stat report
[0830/094041.267:ERROR:crash_report_database_win.cc(469)] failed to stat report
[0830/094041.267:ERROR:crash_report_database_win.cc(469)] failed to stat report
[0830/094041.267:ERROR:crash_report_database_win.cc(469)] failed to stat report
[0830/094041.267:ERROR:crash_report_database_win.cc(469)] failed to stat report
[0830/094041.267:ERROR:crash_report_database_win.cc(469)] failed to stat report
[0830/094041.267:ERROR:crash_report_database_win.cc(469)] failed to stat report
[0830/094041.268:ERROR:crash_report_database_win.cc(469)] failed to stat report
[0830/094041.268:ERROR:crash_report_database_win.cc(469)] failed to stat report
[0830/094041.268:ERROR:crash_report_database_win.cc(469)] failed to stat report
[0830/094041.268:ERROR:crash_report_database_win.cc(469)] failed to stat report
[0830/094041.268:ERROR:crash_report_database_win.cc(469)] failed to stat report
[0830/095146.992:ERROR:crash_report_database_win.cc(469)] failed to stat report
[0830/095146.992:ERROR:crash_report_database_win.cc(469)] failed to stat report
[0830/095146.992:ERROR:crash_report_database_win.cc(469)] failed to stat report
[0830/095146.993:ERROR:crash_report_database_win.cc(469)] failed to stat report
[0830/095146.993:ERROR:crash_report_database_win.cc(469)] failed to stat report
[0830/095146.993:ERROR:crash_report_database_win.cc(469)] failed to stat report
[0830/095146.993:ERROR:crash_report_database_win.cc(469)] failed to stat report
[0830/095146.993:ERROR:crash_report_database_win.cc(469)] failed to stat report
[0830/095146.993:ERROR:crash_report_database_win.cc(469)] failed to stat report
[0830/095146.994:ERROR:crash_report_database_win.cc(469)] failed to stat report
[0830/095146.994:ERROR:crash_report_database_win.cc(469)] failed to stat report
[0830/095146.994:ERROR:crash_report_database_win.cc(469)] failed to stat report
[0830/095146.994:ERROR:crash_report_database_win.cc(469)] failed to stat report
[0830/095146.994:ERROR:crash_report_database_win.cc(469)] failed to stat report
[0830/095146.994:ERROR:crash_report_database_win.cc(469)] failed to stat report
[0830/095146.995:ERROR:crash_report_database_win.cc(469)] failed to stat report
